# JRE version: OpenJDK Runtime Environment Temurin-17.0.8.1+1 (17.0.8.1+1) (build 17.0.8.1+1)
# Java VM: OpenJDK 64-Bit Server VM Temurin-17.0.8.1+1 (17.0.8.1+1, mixed mode, tiered, compressed oops, compressed class ptrs, parallel gc, windows-amd64)
GC Precious Log:
 CPUs: 12 total, 12 available
 Memory: 23914M
 Large Page Support: Disabled
 NUMA Support: Disabled
 Compressed Oops: Enabled (32-bit)
 Alignments: Space 512K, Generation 512K, Heap 2M
 Heap Min Capacity: 100M
 Heap Initial Capacity: 100M
 Heap Max Capacity: 1G
 Pre-touch: Disabled
 Parallel Workers: 10
Heap:
 PSYoungGen      total 8704K, used 2814K [0x00000000eab00000, 0x00000000eb580000, 0x0000000100000000)
  eden space 6656K, 18% used [0x00000000eab00000,0x00000000eac30618,0x00000000eb180000)
  from space 2048K, 77% used [0x00000000eb180000,0x00000000eb30f4e8,0x00000000eb380000)
  to   space 2048K, 0% used [0x00000000eb380000,0x00000000eb380000,0x00000000eb580000)
 ParOldGen       total 86528K, used 74967K [0x00000000c0000000, 0x00000000c5480000, 0x00000000eab00000)
  object space 86528K, 86% used [0x00000000c0000000,0x00000000c4935c70,0x00000000c5480000)
 Metaspace       used 61994K, committed 63040K, reserved 1114112K
  class space    used 7074K, committed 7552K, reserved 1048576K
GC Heap History (20 events):
Event: 11.343 GC heap before
{Heap before GC invocations=55 (full 3):
 PSYoungGen      total 9216K, used 8901K [0x00000000eab00000, 0x00000000eb580000, 0x0000000100000000)
  eden space 7680K, 99% used [0x00000000eab00000,0x00000000eb27ffd0,0x00000000eb280000)
  from space 1536K, 79% used [0x00000000eb400000,0x00000000eb5315b8,0x00000000eb580000)
  to   space 1536K, 0% used [0x00000000eb280000,0x00000000eb280000,0x00000000eb400000)
 ParOldGen       total 86528K, used 62089K [0x00000000c0000000, 0x00000000c5480000, 0x00000000eab00000)
  object space 86528K, 71% used [0x00000000c0000000,0x00000000c3ca26a0,0x00000000c5480000)
 Metaspace       used 59832K, committed 60864K, reserved 1114112K
  class space    used 6758K, committed 7232K, reserved 1048576K
}
Event: 11.344 GC heap after
{Heap after GC invocations=55 (full 3):
 PSYoungGen      total 9216K, used 1088K [0x00000000eab00000, 0x00000000eb580000, 0x0000000100000000)
  eden space 7680K, 0% used [0x00000000eab00000,0x00000000eab00000,0x00000000eb280000)
  from space 1536K, 70% used [0x00000000eb280000,0x00000000eb390000,0x00000000eb400000)
  to   space 1536K, 0% used [0x00000000eb400000,0x00000000eb400000,0x00000000eb580000)
 ParOldGen       total 86528K, used 63118K [0x00000000c0000000, 0x00000000c5480000, 0x00000000eab00000)
  object space 86528K, 72% used [0x00000000c0000000,0x00000000c3da3948,0x00000000c5480000)
 Metaspace       used 59832K, committed 60864K, reserved 1114112K
  class space    used 6758K, committed 7232K, reserved 1048576K
}
Event: 11.404 GC heap before
{Heap before GC invocations=56 (full 3):
 PSYoungGen      total 9216K, used 8768K [0x00000000eab00000, 0x00000000eb580000, 0x0000000100000000)
  eden space 7680K, 100% used [0x00000000eab00000,0x00000000eb280000,0x00000000eb280000)
  from space 1536K, 70% used [0x00000000eb280000,0x00000000eb390000,0x00000000eb400000)
  to   space 1536K, 0% used [0x00000000eb400000,0x00000000eb400000,0x00000000eb580000)
 ParOldGen       total 86528K, used 63118K [0x00000000c0000000, 0x00000000c5480000, 0x00000000eab00000)
  object space 86528K, 72% used [0x00000000c0000000,0x00000000c3da3948,0x00000000c5480000)
 Metaspace       used 60124K, committed 61248K, reserved 1114112K
  class space    used 6797K, committed 7296K, reserved 1048576K
}
Event: 11.406 GC heap after
{Heap after GC invocations=56 (full 3):
 PSYoungGen      total 9216K, used 1061K [0x00000000eab00000, 0x00000000eb580000, 0x0000000100000000)
  eden space 7680K, 0% used [0x00000000eab00000,0x00000000eab00000,0x00000000eb280000)
  from space 1536K, 69% used [0x00000000eb400000,0x00000000eb509678,0x00000000eb580000)
  to   space 1536K, 0% used [0x00000000eb280000,0x00000000eb280000,0x00000000eb400000)
 ParOldGen       total 86528K, used 64066K [0x00000000c0000000, 0x00000000c5480000, 0x00000000eab00000)
  object space 86528K, 74% used [0x00000000c0000000,0x00000000c3e90ac0,0x00000000c5480000)
 Metaspace       used 60124K, committed 61248K, reserved 1114112K
  class space    used 6797K, committed 7296K, reserved 1048576K
}
Event: 11.463 GC heap before
{Heap before GC invocations=57 (full 3):
 PSYoungGen      total 9216K, used 8741K [0x00000000eab00000, 0x00000000eb580000, 0x0000000100000000)
  eden space 7680K, 100% used [0x00000000eab00000,0x00000000eb280000,0x00000000eb280000)
  from space 1536K, 69% used [0x00000000eb400000,0x00000000eb509678,0x00000000eb580000)
  to   space 1536K, 0% used [0x00000000eb280000,0x00000000eb280000,0x00000000eb400000)
 ParOldGen       total 86528K, used 64066K [0x00000000c0000000, 0x00000000c5480000, 0x00000000eab00000)
  object space 86528K, 74% used [0x00000000c0000000,0x00000000c3e90ac0,0x00000000c5480000)
 Metaspace       used 60392K, committed 61440K, reserved 1114112K
  class space    used 6843K, committed 7296K, reserved 1048576K
}
Event: 11.464 GC heap after
{Heap after GC invocations=57 (full 3):
 PSYoungGen      total 9216K, used 1504K [0x00000000eab00000, 0x00000000eb880000, 0x0000000100000000)
  eden space 7680K, 0% used [0x00000000eab00000,0x00000000eab00000,0x00000000eb280000)
  from space 1536K, 97% used [0x00000000eb280000,0x00000000eb3f8010,0x00000000eb400000)
  to   space 3072K, 0% used [0x00000000eb580000,0x00000000eb580000,0x00000000eb880000)
 ParOldGen       total 86528K, used 65177K [0x00000000c0000000, 0x00000000c5480000, 0x00000000eab00000)
  object space 86528K, 75% used [0x00000000c0000000,0x00000000c3fa67e0,0x00000000c5480000)
 Metaspace       used 60392K, committed 61440K, reserved 1114112K
  class space    used 6843K, committed 7296K, reserved 1048576K
}
Event: 11.516 GC heap before
{Heap before GC invocations=58 (full 3):
 PSYoungGen      total 9216K, used 9184K [0x00000000eab00000, 0x00000000eb880000, 0x0000000100000000)
  eden space 7680K, 100% used [0x00000000eab00000,0x00000000eb280000,0x00000000eb280000)
  from space 1536K, 97% used [0x00000000eb280000,0x00000000eb3f8010,0x00000000eb400000)
  to   space 3072K, 0% used [0x00000000eb580000,0x00000000eb580000,0x00000000eb880000)
 ParOldGen       total 86528K, used 65177K [0x00000000c0000000, 0x00000000c5480000, 0x00000000eab00000)
  object space 86528K, 75% used [0x00000000c0000000,0x00000000c3fa67e0,0x00000000c5480000)
 Metaspace       used 60657K, committed 61696K, reserved 1114112K
  class space    used 6887K, committed 7360K, reserved 1048576K
}
Event: 11.518 GC heap after
{Heap after GC invocations=58 (full 3):
 PSYoungGen      total 9216K, used 1204K [0x00000000eab00000, 0x00000000eb700000, 0x0000000100000000)
  eden space 7680K, 0% used [0x00000000eab00000,0x00000000eab00000,0x00000000eb280000)
  from space 1536K, 78% used [0x00000000eb580000,0x00000000eb6ad3b8,0x00000000eb700000)
  to   space 2048K, 0% used [0x00000000eb300000,0x00000000eb300000,0x00000000eb500000)
 ParOldGen       total 86528K, used 66272K [0x00000000c0000000, 0x00000000c5480000, 0x00000000eab00000)
  object space 86528K, 76% used [0x00000000c0000000,0x00000000c40b81f8,0x00000000c5480000)
 Metaspace       used 60657K, committed 61696K, reserved 1114112K
  class space    used 6887K, committed 7360K, reserved 1048576K
}
Event: 11.565 GC heap before
{Heap before GC invocations=59 (full 3):
 PSYoungGen      total 9216K, used 8884K [0x00000000eab00000, 0x00000000eb700000, 0x0000000100000000)
  eden space 7680K, 100% used [0x00000000eab00000,0x00000000eb280000,0x00000000eb280000)
  from space 1536K, 78% used [0x00000000eb580000,0x00000000eb6ad3b8,0x00000000eb700000)
  to   space 2048K, 0% used [0x00000000eb300000,0x00000000eb300000,0x00000000eb500000)
 ParOldGen       total 86528K, used 66272K [0x00000000c0000000, 0x00000000c5480000, 0x00000000eab00000)
  object space 86528K, 76% used [0x00000000c0000000,0x00000000c40b81f8,0x00000000c5480000)
 Metaspace       used 60882K, committed 61888K, reserved 1114112K
  class space    used 6922K, committed 7424K, reserved 1048576K
}
Event: 11.566 GC heap after
{Heap after GC invocations=59 (full 3):
 PSYoungGen      total 9216K, used 1484K [0x00000000eab00000, 0x00000000eb680000, 0x0000000100000000)
  eden space 7680K, 0% used [0x00000000eab00000,0x00000000eab00000,0x00000000eb280000)
  from space 1536K, 96% used [0x00000000eb300000,0x00000000eb4732e8,0x00000000eb480000)
  to   space 2048K, 0% used [0x00000000eb480000,0x00000000eb480000,0x00000000eb680000)
 ParOldGen       total 86528K, used 67404K [0x00000000c0000000, 0x00000000c5480000, 0x00000000eab00000)
  object space 86528K, 77% used [0x00000000c0000000,0x00000000c41d3070,0x00000000c5480000)
 Metaspace       used 60882K, committed 61888K, reserved 1114112K
  class space    used 6922K, committed 7424K, reserved 1048576K
}
Event: 11.617 GC heap before
{Heap before GC invocations=60 (full 3):
 PSYoungGen      total 9216K, used 9164K [0x00000000eab00000, 0x00000000eb680000, 0x0000000100000000)
  eden space 7680K, 100% used [0x00000000eab00000,0x00000000eb280000,0x00000000eb280000)
  from space 1536K, 96% used [0x00000000eb300000,0x00000000eb4732e8,0x00000000eb480000)
  to   space 2048K, 0% used [0x00000000eb480000,0x00000000eb480000,0x00000000eb680000)
 ParOldGen       total 86528K, used 67404K [0x00000000c0000000, 0x00000000c5480000, 0x00000000eab00000)
  object space 86528K, 77% used [0x00000000c0000000,0x00000000c41d3070,0x00000000c5480000)
 Metaspace       used 61075K, committed 62080K, reserved 1114112K
  class space    used 6968K, committed 7424K, reserved 1048576K
}
Event: 11.619 GC heap after
{Heap after GC invocations=60 (full 3):
 PSYoungGen      total 9216K, used 1442K [0x00000000eab00000, 0x00000000eb600000, 0x0000000100000000)
  eden space 7680K, 0% used [0x00000000eab00000,0x00000000eab00000,0x00000000eb280000)
  from space 1536K, 93% used [0x00000000eb480000,0x00000000eb5e8990,0x00000000eb600000)
  to   space 1536K, 0% used [0x00000000eb300000,0x00000000eb300000,0x00000000eb480000)
 ParOldGen       total 86528K, used 68714K [0x00000000c0000000, 0x00000000c5480000, 0x00000000eab00000)
  object space 86528K, 79% used [0x00000000c0000000,0x00000000c431a9f8,0x00000000c5480000)
 Metaspace       used 61075K, committed 62080K, reserved 1114112K
  class space    used 6968K, committed 7424K, reserved 1048576K
}
Event: 11.715 GC heap before
{Heap before GC invocations=61 (full 3):
 PSYoungGen      total 9216K, used 9116K [0x00000000eab00000, 0x00000000eb600000, 0x0000000100000000)
  eden space 7680K, 99% used [0x00000000eab00000,0x00000000eb27e800,0x00000000eb280000)
  from space 1536K, 93% used [0x00000000eb480000,0x00000000eb5e8990,0x00000000eb600000)
  to   space 1536K, 0% used [0x00000000eb300000,0x00000000eb300000,0x00000000eb480000)
 ParOldGen       total 86528K, used 68714K [0x00000000c0000000, 0x00000000c5480000, 0x00000000eab00000)
  object space 86528K, 79% used [0x00000000c0000000,0x00000000c431a9f8,0x00000000c5480000)
 Metaspace       used 61404K, committed 62400K, reserved 1114112K
  class space    used 7017K, committed 7488K, reserved 1048576K
}
Event: 11.717 GC heap after
{Heap after GC invocations=61 (full 3):
 PSYoungGen      total 9216K, used 1251K [0x00000000eab00000, 0x00000000eb580000, 0x0000000100000000)
  eden space 7680K, 0% used [0x00000000eab00000,0x00000000eab00000,0x00000000eb280000)
  from space 1536K, 81% used [0x00000000eb300000,0x00000000eb438d58,0x00000000eb480000)
  to   space 1024K, 0% used [0x00000000eb480000,0x00000000eb480000,0x00000000eb580000)
 ParOldGen       total 86528K, used 69971K [0x00000000c0000000, 0x00000000c5480000, 0x00000000eab00000)
  object space 86528K, 80% used [0x00000000c0000000,0x00000000c4454f50,0x00000000c5480000)
 Metaspace       used 61404K, committed 62400K, reserved 1114112K
  class space    used 7017K, committed 7488K, reserved 1048576K
}
Event: 11.769 GC heap before
{Heap before GC invocations=62 (full 3):
 PSYoungGen      total 9216K, used 8931K [0x00000000eab00000, 0x00000000eb580000, 0x0000000100000000)
  eden space 7680K, 100% used [0x00000000eab00000,0x00000000eb280000,0x00000000eb280000)
  from space 1536K, 81% used [0x00000000eb300000,0x00000000eb438d58,0x00000000eb480000)
  to   space 1024K, 0% used [0x00000000eb480000,0x00000000eb480000,0x00000000eb580000)
 ParOldGen       total 86528K, used 69971K [0x00000000c0000000, 0x00000000c5480000, 0x00000000eab00000)
  object space 86528K, 80% used [0x00000000c0000000,0x00000000c4454f50,0x00000000c5480000)
 Metaspace       used 61740K, committed 62784K, reserved 1114112K
  class space    used 7047K, committed 7552K, reserved 1048576K
}
Event: 11.771 GC heap after
{Heap after GC invocations=62 (full 3):
 PSYoungGen      total 7680K, used 994K [0x00000000eab00000, 0x00000000eb880000, 0x0000000100000000)
  eden space 6656K, 0% used [0x00000000eab00000,0x00000000eab00000,0x00000000eb180000)
  from space 1024K, 97% used [0x00000000eb480000,0x00000000eb578ac0,0x00000000eb580000)
  to   space 3072K, 0% used [0x00000000eb180000,0x00000000eb180000,0x00000000eb480000)
 ParOldGen       total 86528K, used 71432K [0x00000000c0000000, 0x00000000c5480000, 0x00000000eab00000)
  object space 86528K, 82% used [0x00000000c0000000,0x00000000c45c2310,0x00000000c5480000)
 Metaspace       used 61740K, committed 62784K, reserved 1114112K
  class space    used 7047K, committed 7552K, reserved 1048576K
}
Event: 11.811 GC heap before
{Heap before GC invocations=63 (full 3):
 PSYoungGen      total 7680K, used 7650K [0x00000000eab00000, 0x00000000eb880000, 0x0000000100000000)
  eden space 6656K, 100% used [0x00000000eab00000,0x00000000eb180000,0x00000000eb180000)
  from space 1024K, 97% used [0x00000000eb480000,0x00000000eb578ac0,0x00000000eb580000)
  to   space 3072K, 0% used [0x00000000eb180000,0x00000000eb180000,0x00000000eb480000)
 ParOldGen       total 86528K, used 71432K [0x00000000c0000000, 0x00000000c5480000, 0x00000000eab00000)
  object space 86528K, 82% used [0x00000000c0000000,0x00000000c45c2310,0x00000000c5480000)
 Metaspace       used 61970K, committed 62976K, reserved 1114112K
  class space    used 7069K, committed 7552K, reserved 1048576K
}
Event: 11.813 GC heap after
{Heap after GC invocations=63 (full 3):
 PSYoungGen      total 8192K, used 1327K [0x00000000eab00000, 0x00000000eb580000, 0x0000000100000000)
  eden space 6656K, 0% used [0x00000000eab00000,0x00000000eab00000,0x00000000eb180000)
  from space 1536K, 86% used [0x00000000eb180000,0x00000000eb2cbf88,0x00000000eb300000)
  to   space 2048K, 0% used [0x00000000eb380000,0x00000000eb380000,0x00000000eb580000)
 ParOldGen       total 86528K, used 72355K [0x00000000c0000000, 0x00000000c5480000, 0x00000000eab00000)
  object space 86528K, 83% used [0x00000000c0000000,0x00000000c46a8c18,0x00000000c5480000)
 Metaspace       used 61970K, committed 62976K, reserved 1114112K
  class space    used 7069K, committed 7552K, reserved 1048576K
}
Event: 11.880 GC heap before
{Heap before GC invocations=64 (full 3):
 PSYoungGen      total 8192K, used 7983K [0x00000000eab00000, 0x00000000eb580000, 0x0000000100000000)
  eden space 6656K, 100% used [0x00000000eab00000,0x00000000eb180000,0x00000000eb180000)
  from space 1536K, 86% used [0x00000000eb180000,0x00000000eb2cbf88,0x00000000eb300000)
  to   space 2048K, 0% used [0x00000000eb380000,0x00000000eb380000,0x00000000eb580000)
 ParOldGen       total 86528K, used 72355K [0x00000000c0000000, 0x00000000c5480000, 0x00000000eab00000)
  object space 86528K, 83% used [0x00000000c0000000,0x00000000c46a8c18,0x00000000c5480000)
 Metaspace       used 61993K, committed 63040K, reserved 1114112K
  class space    used 7074K, committed 7552K, reserved 1048576K
}
Event: 11.881 GC heap after
{Heap after GC invocations=64 (full 3):
 PSYoungGen      total 8704K, used 1519K [0x00000000eab00000, 0x00000000eb580000, 0x0000000100000000)
  eden space 6656K, 0% used [0x00000000eab00000,0x00000000eab00000,0x00000000eb180000)
  from space 2048K, 74% used [0x00000000eb380000,0x00000000eb4fbf00,0x00000000eb580000)
  to   space 2048K, 0% used [0x00000000eb180000,0x00000000eb180000,0x00000000eb380000)
 ParOldGen       total 86528K, used 73528K [0x00000000c0000000, 0x00000000c5480000, 0x00000000eab00000)
  object space 86528K, 84% used [0x00000000c0000000,0x00000000c47ce1d8,0x00000000c5480000)
 Metaspace       used 61993K, committed 63040K, reserved 1114112K
  class space    used 7074K, committed 7552K, reserved 1048576K
}

